//===--------------------------------------------------------------------------------------------------------------===//
// @module : version 0
//===--------------------------------------------------------------------------------------------------------------===//

Required Types:
  [  0] i32
  [  1] i64
  [  2] !hal.allocator
  [  3] !hal.buffer
  [  4] !hal.buffer_view
  [  5] !hal.command_buffer
  [  6] !hal.device
  [  7] !hal.executable
  [  8] !hal.fence
  [  9] !hal.file
  [ 10] !vm.buffer

Module Dependencies:
  hal, version >= 5, required

Imported Functions:
  [  0] hal.ex.file.from_memory(!vm.ref<?>, i64, i32, !vm.ref<?>, i64, i64, i32) -> (!vm.ref<?>)
  [  1] hal.allocator.allocate(!vm.ref<?>, i64, i32, i32, i64) -> (!vm.ref<?>)
  [  2] hal.allocator.import(!vm.ref<?>, i32, i64, i32, i32, !vm.ref<?>, i64, i64) -> (!vm.ref<?>)
  [  3] hal.buffer.assert(!vm.ref<?>, !vm.ref<?>, !vm.ref<?>, i64, i32, i32) -> ()
  [  4] hal.buffer_view.create(!vm.ref<?>, i64, i64, i32, i32, tuple<i64>...) -> (!vm.ref<?>)
  [  5] hal.buffer_view.assert(!vm.ref<?>, !vm.ref<?>, i32, i32, tuple<i64>...) -> ()
  [  6] hal.buffer_view.buffer(!vm.ref<?>) -> (!vm.ref<?>)
  [  7] hal.command_buffer.create(!vm.ref<?>, i32, i32, i64, i32) -> (!vm.ref<?>)
  [  8] hal.command_buffer.finalize(!vm.ref<?>) -> ()
  [  9] hal.command_buffer.execution_barrier(!vm.ref<?>, i32, i32, i32) -> ()
  [ 10] hal.command_buffer.fill_buffer(!vm.ref<?>, !vm.ref<?>, i64, i64, i32, i32, i32) -> ()
  [ 11] hal.command_buffer.dispatch(!vm.ref<?>, !vm.ref<?>, i32, i32, i32, i32, i64, tuple<i32>..., tuple<i32, i32, !vm.ref<?>, i64, i64>...) -> ()
  [ 12] hal.device.allocator(!vm.ref<?>) -> (!vm.ref<?>)
  [ 13] hal.device.query.i64(!vm.ref<?>, !vm.ref<?>, !vm.ref<?>) -> (i32, i64)
  [ 14] hal.device.queue.alloca(!vm.ref<?>, i64, !vm.ref<?>, !vm.ref<?>, i32, i32, i32, i64) -> (!vm.ref<?>)
  [ 15] hal.device.queue.dealloca(!vm.ref<?>, i64, !vm.ref<?>, !vm.ref<?>, !vm.ref<?>) -> ()
  [ 16] hal.device.queue.read(!vm.ref<?>, i64, !vm.ref<?>, !vm.ref<?>, !vm.ref<?>, i64, !vm.ref<?>, i64, i64, i32) -> ()
  [ 17] hal.device.queue.execute(!vm.ref<?>, i64, !vm.ref<?>, !vm.ref<?>, tuple<!vm.ref<?>>...) -> ()
  [ 18] hal.device.queue.execute.indirect(!vm.ref<?>, i64, !vm.ref<?>, !vm.ref<?>, !vm.ref<?>, tuple<!vm.ref<?>, i64, i64>...) -> ()
  [ 19] hal.devices.count() -> (i32)
  [ 20] hal.devices.get(i32) -> (!vm.ref<?>)
  [ 21] hal.executable.create(!vm.ref<?>, !vm.ref<?>, !vm.ref<?>, !vm.ref<?>) -> (!vm.ref<?>)
  [ 22] hal.fence.create(!vm.ref<?>, i32) -> (!vm.ref<?>)
  [ 23] hal.fence.join(tuple<!vm.ref<?>>...) -> (!vm.ref<?>)
  [ 24] hal.fence.await(i32, tuple<!vm.ref<?>>...) -> (i32)

Exported Functions:
  [  0] main(!vm.ref<?>) -> (!vm.ref<?>)
        iree.abi.declaration: sync func @main(%input0: tensor<1x50x50x3xf32> {ml_program.identifier = "input_0"}) -> (%output0: tensor<1x200x200x3xf32> {ml_program.identifier = "Identity"})
  [  1] __init() -> ()

//===--------------------------------------------------------------------------------------------------------------===//
// Sections
//===--------------------------------------------------------------------------------------------------------------===//

Module State:
  0 bytes, 203 refs, ~3248 bytes total

FlatBuffer: 290876 bytes
  Bytecode: 114128 bytes
  .rodata[  0] embedded       13 bytes `hal.device.id`
  .rodata[  1] embedded        6 bytes `vulkan`
  .rodata[  2] embedded       21 bytes `hal.executable.format`
  .rodata[  3] embedded       15 bytes `vulkan-spirv-fb`
  .rodata[  4] external     2072 bytes (offset 112 / 70h to 888h)
  .rodata[  5] external     2144 bytes (offset 2288 / 8F0h to 1150h)
  .rodata[  6] external     2296 bytes (offset 4528 / 11B0h to 1AA8h)
  .rodata[  7] external     4616 bytes (offset 6912 / 1B00h to 2D08h)
  .rodata[  8] external     2144 bytes (offset 11616 / 2D60h to 35C0h)
  .rodata[  9] external     5044 bytes (offset 13856 / 3620h to 49D4h)
  .rodata[ 10] external     2164 bytes (offset 18992 / 4A30h to 52A4h)
  .rodata[ 11] external     2184 bytes (offset 21248 / 5300h to 5B88h)
  .rodata[ 12] external     2032 bytes (offset 23520 / 5BE0h to 63D0h)
  .rodata[ 13] external     5060 bytes (offset 25648 / 6430h to 77F4h)
  .rodata[ 14] external     2180 bytes (offset 30800 / 7850h to 80D4h)
  .rodata[ 15] external     2200 bytes (offset 33072 / 8130h to 89C8h)
  .rodata[ 16] external     2216 bytes (offset 35376 / 8A30h to 92D8h)
  .rodata[ 17] external     2272 bytes (offset 37696 / 9340h to 9C20h)
  .rodata[ 18] external     5108 bytes (offset 40064 / 9C80h to B074h)
  .rodata[ 19] external     2196 bytes (offset 45264 / B0D0h to B964h)
  .rodata[ 20] external     2216 bytes (offset 47552 / B9C0h to C268h)
  .rodata[ 21] external     2216 bytes (offset 49872 / C2D0h to CB78h)
  .rodata[ 22] external     2232 bytes (offset 52192 / CBE0h to D498h)
  .rodata[ 23] external     2160 bytes (offset 54528 / D500h to DD70h)
  .rodata[ 24] external     5092 bytes (offset 56784 / DDD0h to F1B4h)
  .rodata[ 25] external     2196 bytes (offset 61968 / F210h to FAA4h)
  .rodata[ 26] external     2216 bytes (offset 64256 / FB00h to 103A8h)
  .rodata[ 27] external     2216 bytes (offset 66576 / 10410h to 10CB8h)
  .rodata[ 28] external     2232 bytes (offset 68896 / 10D20h to 115D8h)
  .rodata[ 29] external     2232 bytes (offset 71232 / 11640h to 11EF8h)
  .rodata[ 30] external     2272 bytes (offset 73568 / 11F60h to 12840h)
  .rodata[ 31] external     5016 bytes (offset 75936 / 128A0h to 13C38h)
  .rodata[ 32] external     5060 bytes (offset 81056 / 13CA0h to 15064h)
  .rodata[ 33] external     5076 bytes (offset 86208 / 150C0h to 16494h)
  .rodata[ 34] external     5108 bytes (offset 91376 / 164F0h to 178E4h)
  .rodata[ 35] external     5092 bytes (offset 96576 / 17940h to 18D24h)
  .rodata[ 36] external     5016 bytes (offset 101760 / 18D80h to 1A118h)
  .rodata[ 37] external     5060 bytes (offset 106880 / 1A180h to 1B544h)
  .rodata[ 38] external     5076 bytes (offset 112032 / 1B5A0h to 1C974h)
  .rodata[ 39] external     5108 bytes (offset 117200 / 1C9D0h to 1DDC4h)
  .rodata[ 40] external     5092 bytes (offset 122400 / 1DE20h to 1F204h)
  .rodata[ 41] external     5176 bytes (offset 127584 / 1F260h to 20698h)
  .rodata[ 42] external     5060 bytes (offset 132864 / 20700h to 21AC4h)
  .rodata[ 43] external     5076 bytes (offset 138016 / 21B20h to 22EF4h)
  .rodata[ 44] external     5108 bytes (offset 143184 / 22F50h to 24344h)
  .rodata[ 45] external     5092 bytes (offset 148384 / 243A0h to 25784h)
  .rodata[ 46] external     5016 bytes (offset 153568 / 257E0h to 26B78h)
  .rodata[ 47] external     5060 bytes (offset 158688 / 26BE0h to 27FA4h)
  .rodata[ 48] external     5076 bytes (offset 163840 / 28000h to 293D4h)
  .rodata[ 49] external     5108 bytes (offset 169008 / 29430h to 2A824h)
  .rodata[ 50] external     5092 bytes (offset 174208 / 2A880h to 2BC64h)
  .rodata[ 51] external     5016 bytes (offset 179392 / 2BCC0h to 2D058h)
  .rodata[ 52] external     5060 bytes (offset 184512 / 2D0C0h to 2E484h)
  .rodata[ 53] external     5076 bytes (offset 189664 / 2E4E0h to 2F8B4h)
  .rodata[ 54] external     5108 bytes (offset 194832 / 2F910h to 30D04h)
  .rodata[ 55] external     5092 bytes (offset 200032 / 30D60h to 32144h)
  .rodata[ 56] external     5176 bytes (offset 205216 / 321A0h to 335D8h)
  .rodata[ 57] external     5060 bytes (offset 210496 / 33640h to 34A04h)
  .rodata[ 58] external     5076 bytes (offset 215648 / 34A60h to 35E34h)
  .rodata[ 59] external     5108 bytes (offset 220816 / 35E90h to 37284h)
  .rodata[ 60] external     5092 bytes (offset 226016 / 372E0h to 386C4h)
  .rodata[ 61] external     5016 bytes (offset 231200 / 38720h to 39AB8h)
  .rodata[ 62] external     5060 bytes (offset 236320 / 39B20h to 3AEE4h)
  .rodata[ 63] external     5076 bytes (offset 241472 / 3AF40h to 3C314h)
  .rodata[ 64] external     5108 bytes (offset 246640 / 3C370h to 3D764h)
  .rodata[ 65] external     5092 bytes (offset 251840 / 3D7C0h to 3EBA4h)
  .rodata[ 66] external     5016 bytes (offset 257024 / 3EC00h to 3FF98h)
  .rodata[ 67] external     5060 bytes (offset 262144 / 40000h to 413C4h)
  .rodata[ 68] external     5076 bytes (offset 267296 / 41420h to 427F4h)
  .rodata[ 69] external     5108 bytes (offset 272464 / 42850h to 43C44h)
  .rodata[ 70] external     5092 bytes (offset 277664 / 43CA0h to 45084h)
  .rodata[ 71] external     5176 bytes (offset 282848 / 450E0h to 46518h)
  .rodata[ 72] external     5060 bytes (offset 288128 / 46580h to 47944h)
  .rodata[ 73] external     5076 bytes (offset 293280 / 479A0h to 48D74h)
  .rodata[ 74] external     5108 bytes (offset 298448 / 48DD0h to 4A1C4h)
  .rodata[ 75] external     5092 bytes (offset 303648 / 4A220h to 4B604h)
  .rodata[ 76] external     5016 bytes (offset 308832 / 4B660h to 4C9F8h)
  .rodata[ 77] external     5060 bytes (offset 313952 / 4CA60h to 4DE24h)
  .rodata[ 78] external     5076 bytes (offset 319104 / 4DE80h to 4F254h)
  .rodata[ 79] external     5108 bytes (offset 324272 / 4F2B0h to 506A4h)
  .rodata[ 80] external     5092 bytes (offset 329472 / 50700h to 51AE4h)
  .rodata[ 81] external     5016 bytes (offset 334656 / 51B40h to 52ED8h)
  .rodata[ 82] external     5060 bytes (offset 339776 / 52F40h to 54304h)
  .rodata[ 83] external     5076 bytes (offset 344928 / 54360h to 55734h)
  .rodata[ 84] external     5108 bytes (offset 350096 / 55790h to 56B84h)
  .rodata[ 85] external     5092 bytes (offset 355296 / 56BE0h to 57FC4h)
  .rodata[ 86] external     5176 bytes (offset 360480 / 58020h to 59458h)
  .rodata[ 87] external     5060 bytes (offset 365760 / 594C0h to 5A884h)
  .rodata[ 88] external     5076 bytes (offset 370912 / 5A8E0h to 5BCB4h)
  .rodata[ 89] external     5108 bytes (offset 376080 / 5BD10h to 5D104h)
  .rodata[ 90] external     5092 bytes (offset 381280 / 5D160h to 5E544h)
  .rodata[ 91] external     5016 bytes (offset 386464 / 5E5A0h to 5F938h)
  .rodata[ 92] external     5060 bytes (offset 391584 / 5F9A0h to 60D64h)
  .rodata[ 93] external     5076 bytes (offset 396736 / 60DC0h to 62194h)
  .rodata[ 94] external     5108 bytes (offset 401904 / 621F0h to 635E4h)
  .rodata[ 95] external     5092 bytes (offset 407104 / 63640h to 64A24h)
  .rodata[ 96] external     5016 bytes (offset 412288 / 64A80h to 65E18h)
  .rodata[ 97] external     5060 bytes (offset 417408 / 65E80h to 67244h)
  .rodata[ 98] external     5076 bytes (offset 422560 / 672A0h to 68674h)
  .rodata[ 99] external     5108 bytes (offset 427728 / 686D0h to 69AC4h)
  .rodata[100] external     5092 bytes (offset 432928 / 69B20h to 6AF04h)
  .rodata[101] external     5176 bytes (offset 438112 / 6AF60h to 6C398h)
  .rodata[102] external     5060 bytes (offset 443392 / 6C400h to 6D7C4h)
  .rodata[103] external     5076 bytes (offset 448544 / 6D820h to 6EBF4h)
  .rodata[104] external     5108 bytes (offset 453712 / 6EC50h to 70044h)
  .rodata[105] external     5092 bytes (offset 458912 / 700A0h to 71484h)
  .rodata[106] external     5016 bytes (offset 464096 / 714E0h to 72878h)
  .rodata[107] external     5060 bytes (offset 469216 / 728E0h to 73CA4h)
  .rodata[108] external     5076 bytes (offset 474368 / 73D00h to 750D4h)
  .rodata[109] external     5108 bytes (offset 479536 / 75130h to 76524h)
  .rodata[110] external     5092 bytes (offset 484736 / 76580h to 77964h)
  .rodata[111] external     5016 bytes (offset 489920 / 779C0h to 78D58h)
  .rodata[112] external     5060 bytes (offset 495040 / 78DC0h to 7A184h)
  .rodata[113] external     5076 bytes (offset 500192 / 7A1E0h to 7B5B4h)
  .rodata[114] external     5108 bytes (offset 505360 / 7B610h to 7CA04h)
  .rodata[115] external     5092 bytes (offset 510560 / 7CA60h to 7DE44h)
  .rodata[116] external     5176 bytes (offset 515744 / 7DEA0h to 7F2D8h)
  .rodata[117] external     5060 bytes (offset 521024 / 7F340h to 80704h)
  .rodata[118] external     5076 bytes (offset 526176 / 80760h to 81B34h)
  .rodata[119] external     5108 bytes (offset 531344 / 81B90h to 82F84h)
  .rodata[120] external     5092 bytes (offset 536544 / 82FE0h to 843C4h)
  .rodata[121] external     5016 bytes (offset 541728 / 84420h to 857B8h)
  .rodata[122] external     5060 bytes (offset 546848 / 85820h to 86BE4h)
  .rodata[123] external     5076 bytes (offset 552000 / 86C40h to 88014h)
  .rodata[124] external     5108 bytes (offset 557168 / 88070h to 89464h)
  .rodata[125] external     5092 bytes (offset 562368 / 894C0h to 8A8A4h)
  .rodata[126] external     5016 bytes (offset 567552 / 8A900h to 8BC98h)
  .rodata[127] external     5060 bytes (offset 572672 / 8BD00h to 8D0C4h)
  .rodata[128] external     5076 bytes (offset 577824 / 8D120h to 8E4F4h)
  .rodata[129] external     5108 bytes (offset 582992 / 8E550h to 8F944h)
  .rodata[130] external     5092 bytes (offset 588192 / 8F9A0h to 90D84h)
  .rodata[131] external     5176 bytes (offset 593376 / 90DE0h to 92218h)
  .rodata[132] external     5060 bytes (offset 598656 / 92280h to 93644h)
  .rodata[133] external     5076 bytes (offset 603808 / 936A0h to 94A74h)
  .rodata[134] external     5108 bytes (offset 608976 / 94AD0h to 95EC4h)
  .rodata[135] external     5092 bytes (offset 614176 / 95F20h to 97304h)
  .rodata[136] external     5016 bytes (offset 619360 / 97360h to 986F8h)
  .rodata[137] external     5060 bytes (offset 624480 / 98760h to 99B24h)
  .rodata[138] external     5076 bytes (offset 629632 / 99B80h to 9AF54h)
  .rodata[139] external     5108 bytes (offset 634800 / 9AFB0h to 9C3A4h)
  .rodata[140] external     5092 bytes (offset 640000 / 9C400h to 9D7E4h)
  .rodata[141] external     5016 bytes (offset 645184 / 9D840h to 9EBD8h)
  .rodata[142] external     5060 bytes (offset 650304 / 9EC40h to A0004h)
  .rodata[143] external     5076 bytes (offset 655456 / A0060h to A1434h)
  .rodata[144] external     5108 bytes (offset 660624 / A1490h to A2884h)
  .rodata[145] external     5092 bytes (offset 665824 / A28E0h to A3CC4h)
  .rodata[146] external     5176 bytes (offset 671008 / A3D20h to A5158h)
  .rodata[147] external     5060 bytes (offset 676288 / A51C0h to A6584h)
  .rodata[148] external     5076 bytes (offset 681440 / A65E0h to A79B4h)
  .rodata[149] external     5108 bytes (offset 686608 / A7A10h to A8E04h)
  .rodata[150] external     5092 bytes (offset 691808 / A8E60h to AA244h)
  .rodata[151] external     5016 bytes (offset 696992 / AA2A0h to AB638h)
  .rodata[152] external     5060 bytes (offset 702112 / AB6A0h to ACA64h)
  .rodata[153] external     5076 bytes (offset 707264 / ACAC0h to ADE94h)
  .rodata[154] external     5108 bytes (offset 712432 / ADEF0h to AF2E4h)
  .rodata[155] external     5092 bytes (offset 717632 / AF340h to B0724h)
  .rodata[156] external     5016 bytes (offset 722816 / B0780h to B1B18h)
  .rodata[157] external     5060 bytes (offset 727936 / B1B80h to B2F44h)
  .rodata[158] external     5076 bytes (offset 733088 / B2FA0h to B4374h)
  .rodata[159] external     5108 bytes (offset 738256 / B43D0h to B57C4h)
  .rodata[160] external     5092 bytes (offset 743456 / B5820h to B6C04h)
  .rodata[161] external     5176 bytes (offset 748640 / B6C60h to B8098h)
  .rodata[162] external     5060 bytes (offset 753920 / B8100h to B94C4h)
  .rodata[163] external     5076 bytes (offset 759072 / B9520h to BA8F4h)
  .rodata[164] external     5108 bytes (offset 764240 / BA950h to BBD44h)
  .rodata[165] external     5092 bytes (offset 769440 / BBDA0h to BD184h)
  .rodata[166] external     5016 bytes (offset 774624 / BD1E0h to BE578h)
  .rodata[167] external     5060 bytes (offset 779744 / BE5E0h to BF9A4h)
  .rodata[168] external     5076 bytes (offset 784896 / BFA00h to C0DD4h)
  .rodata[169] external     5108 bytes (offset 790064 / C0E30h to C2224h)
  .rodata[170] external     5092 bytes (offset 795264 / C2280h to C3664h)
  .rodata[171] external     5016 bytes (offset 800448 / C36C0h to C4A58h)
  .rodata[172] external     5060 bytes (offset 805568 / C4AC0h to C5E84h)
  .rodata[173] external     5076 bytes (offset 810720 / C5EE0h to C72B4h)
  .rodata[174] external     5108 bytes (offset 815888 / C7310h to C8704h)
  .rodata[175] external     5092 bytes (offset 821088 / C8760h to C9B44h)
  .rodata[176] external     5176 bytes (offset 826272 / C9BA0h to CAFD8h)
  .rodata[177] external     5060 bytes (offset 831552 / CB040h to CC404h)
  .rodata[178] external     5076 bytes (offset 836704 / CC460h to CD834h)
  .rodata[179] external     5108 bytes (offset 841872 / CD890h to CEC84h)
  .rodata[180] external     5092 bytes (offset 847072 / CECE0h to D00C4h)
  .rodata[181] external     5016 bytes (offset 852256 / D0120h to D14B8h)
  .rodata[182] external     5060 bytes (offset 857376 / D1520h to D28E4h)
  .rodata[183] external     5076 bytes (offset 862528 / D2940h to D3D14h)
  .rodata[184] external     5108 bytes (offset 867696 / D3D70h to D5164h)
  .rodata[185] external     5092 bytes (offset 872896 / D51C0h to D65A4h)
  .rodata[186] external     5016 bytes (offset 878080 / D6600h to D7998h)
  .rodata[187] external     5060 bytes (offset 883200 / D7A00h to D8DC4h)
  .rodata[188] external     5076 bytes (offset 888352 / D8E20h to DA1F4h)
  .rodata[189] external     5108 bytes (offset 893520 / DA250h to DB644h)
  .rodata[190] external     5092 bytes (offset 898720 / DB6A0h to DCA84h)
  .rodata[191] external     5176 bytes (offset 903904 / DCAE0h to DDF18h)
  .rodata[192] external     4968 bytes (offset 909184 / DDF80h to DF2E8h)
  .rodata[193] external     3440 bytes (offset 914256 / DF350h to E00C0h)
  .rodata[194] external     1716 bytes (offset 917792 / E0120h to E07D4h)
  .rodata[195] external     3008 bytes (offset 919600 / E0830h to E13F0h)
  .rodata[196] external     3508 bytes (offset 922704 / E1450h to E2204h)
  .rodata[197] external     1732 bytes (offset 926304 / E2260h to E2924h)
  .rodata[198] external     2992 bytes (offset 928128 / E2980h to E3530h)
  .rodata[199] external     7520 bytes (offset 931216 / E3590h to E52F0h)
  .rodata[200] external     1528 bytes (offset 938832 / E5350h to E5948h)
  .rodata[201] external     3832 bytes (offset 940464 / E59B0h to E68A8h)
  .rodata[202] external 18459392 bytes (offset 944384 / E6900h to 1281400h)
  .rodata[203] embedded        6 bytes `input0`
  .rodata[204] embedded        6 bytes `tensor`

External .rodata: ~19384884 bytes

//===--------------------------------------------------------------------------------------------------------------===//
// Bytecode : version 0
//===--------------------------------------------------------------------------------------------------------------===//

  # | Offset   |   Length | Blocks | i32 # | ref # | Requirements | Aliases
----+----------+----------+--------+-------+-------+--------------+-----------------------------------------------------
  0 | 00000000 |    75074 |      1 |   130 |   200 |              | 
  1 | 00012548 |      603 |      3 |    26 |     7 |              | main
  2 | 000127A8 |    38438 |    406 |    34 |   203 |              | __init

//===--------------------------------------------------------------------------------------------------------------===//
// Debug Information
//===--------------------------------------------------------------------------------------------------------------===//
// NOTE: debug databases are large and should be stripped in deployed artifacts.

Locations: 1118

