//===--------------------------------------------------------------------------------------------------------------===//
// @module : version 0
//===--------------------------------------------------------------------------------------------------------------===//

Required Types:
  [  0] i32
  [  1] i64
  [  2] !hal.allocator
  [  3] !hal.buffer
  [  4] !hal.buffer_view
  [  5] !hal.command_buffer
  [  6] !hal.descriptor_set_layout
  [  7] !hal.device
  [  8] !hal.executable
  [  9] !hal.fence
  [ 10] !hal.file
  [ 11] !hal.pipeline_layout
  [ 12] !vm.buffer

Module Dependencies:
  hal, version >= 3, required

Imported Functions:
  [  0] hal.ex.file.from_memory(!vm.ref<?>, i64, i32, !vm.ref<?>, i64, i64, i32) -> (!vm.ref<?>)
  [  1] hal.allocator.allocate(!vm.ref<?>, i64, i32, i32, i64) -> (!vm.ref<?>)
  [  2] hal.allocator.import(!vm.ref<?>, i32, i64, i32, i32, !vm.ref<?>, i64, i64) -> (!vm.ref<?>)
  [  3] hal.buffer.assert(!vm.ref<?>, !vm.ref<?>, !vm.ref<?>, i64, i32, i32) -> ()
  [  4] hal.buffer_view.create(!vm.ref<?>, i64, i64, i32, i32, tuple<i64>...) -> (!vm.ref<?>)
  [  5] hal.buffer_view.assert(!vm.ref<?>, !vm.ref<?>, i32, i32, tuple<i64>...) -> ()
  [  6] hal.buffer_view.buffer(!vm.ref<?>) -> (!vm.ref<?>)
  [  7] hal.command_buffer.create(!vm.ref<?>, i32, i32, i64, i32) -> (!vm.ref<?>)
  [  8] hal.command_buffer.finalize(!vm.ref<?>) -> ()
  [  9] hal.command_buffer.execution_barrier(!vm.ref<?>, i32, i32, i32) -> ()
  [ 10] hal.command_buffer.fill_buffer(!vm.ref<?>, !vm.ref<?>, i64, i64, i32, i32, i32) -> ()
  [ 11] hal.command_buffer.copy_buffer(!vm.ref<?>, i32, i32, !vm.ref<?>, i64, !vm.ref<?>, i64, i64) -> ()
  [ 12] hal.command_buffer.push_constants(!vm.ref<?>, !vm.ref<?>, i32, tuple<i32>...) -> ()
  [ 13] hal.command_buffer.push_descriptor_set(!vm.ref<?>, !vm.ref<?>, i32, tuple<i32, i32, !vm.ref<?>, i64, i64>...) -> ()
  [ 14] hal.command_buffer.dispatch(!vm.ref<?>, !vm.ref<?>, i32, i32, i32, i32, i64) -> ()
  [ 15] hal.descriptor_set_layout.create(!vm.ref<?>, i32, tuple<i32, i32, i32>...) -> (!vm.ref<?>)
  [ 16] hal.device.allocator(!vm.ref<?>) -> (!vm.ref<?>)
  [ 17] hal.device.query.i64(!vm.ref<?>, !vm.ref<?>, !vm.ref<?>) -> (i32, i64)
  [ 18] hal.device.queue.alloca(!vm.ref<?>, i64, !vm.ref<?>, !vm.ref<?>, i32, i32, i32, i64) -> (!vm.ref<?>)
  [ 19] hal.device.queue.dealloca(!vm.ref<?>, i64, !vm.ref<?>, !vm.ref<?>, !vm.ref<?>) -> ()
  [ 20] hal.device.queue.read(!vm.ref<?>, i64, !vm.ref<?>, !vm.ref<?>, !vm.ref<?>, i64, !vm.ref<?>, i64, i64, i32) -> ()
  [ 21] hal.device.queue.execute(!vm.ref<?>, i64, !vm.ref<?>, !vm.ref<?>, tuple<!vm.ref<?>>...) -> ()
  [ 22] hal.devices.count() -> (i32)
  [ 23] hal.devices.get(i32) -> (!vm.ref<?>)
  [ 24] hal.executable.create(!vm.ref<?>, !vm.ref<?>, !vm.ref<?>, !vm.ref<?>, tuple<!vm.ref<?>>...) -> (!vm.ref<?>)
  [ 25] hal.fence.create(!vm.ref<?>, i32) -> (!vm.ref<?>)
  [ 26] hal.fence.join(tuple<!vm.ref<?>>...) -> (!vm.ref<?>)
  [ 27] hal.fence.await(i32, tuple<!vm.ref<?>>...) -> (i32)
  [ 28] hal.pipeline_layout.create(!vm.ref<?>, i32, tuple<!vm.ref<?>>...) -> (!vm.ref<?>)

Exported Functions:
  [  0] main(!vm.ref<?>) -> (!vm.ref<?>)
		iree.abi.declaration: sync func @main(%input0: tensor<1x256x256x3xi8> {ml_program.identifier = "serving_default_input:0", tf_saved_model.index_path = ["input"]}) -> (%output0: tensor<1x1x17x3xf32> {ml_program.identifier = "StatefulPartitionedCall:0", tf_saved_model.index_path = ["output_0"]})
  [  1] __init() -> ()

//===--------------------------------------------------------------------------------------------------------------===//
// Sections
//===--------------------------------------------------------------------------------------------------------------===//

Module State:
  0 bytes, 134 refs, ~2144 bytes total

FlatBuffer: 91068 bytes
  Bytecode: 41200 bytes
  .rodata[  0] embedded       13 bytes `hal.device.id`
  .rodata[  1] embedded        5 bytes `metal`
  .rodata[  2] embedded       21 bytes `hal.executable.format`
  .rodata[  3] embedded       12 bytes `metal-msl-fb`
  .rodata[  4] external     6384 bytes (offset 96 / 60h to 1950h)
  .rodata[  5] external     4300 bytes (offset 6576 / 19B0h to 2A7Ch)
  .rodata[  6] external     6564 bytes (offset 10976 / 2AE0h to 4484h)
  .rodata[  7] external     6604 bytes (offset 17632 / 44E0h to 5EACh)
  .rodata[  8] external     4284 bytes (offset 24336 / 5F10h to 6FCCh)
  .rodata[  9] external     5184 bytes (offset 28720 / 7030h to 8470h)
  .rodata[ 10] external     6612 bytes (offset 34000 / 84D0h to 9EA4h)
  .rodata[ 11] external     8224 bytes (offset 40704 / 9F00h to BF20h)
  .rodata[ 12] external     7664 bytes (offset 49024 / BF80h to DD70h)
  .rodata[ 13] external     4268 bytes (offset 56784 / DDD0h to EE7Ch)
  .rodata[ 14] external     5168 bytes (offset 61152 / EEE0h to 10310h)
  .rodata[ 15] external     5812 bytes (offset 66416 / 10370h to 11A24h)
  .rodata[ 16] external     8400 bytes (offset 72320 / 11A80h to 13B50h)
  .rodata[ 17] external     7696 bytes (offset 80816 / 13BB0h to 159C0h)
  .rodata[ 18] external     4288 bytes (offset 88608 / 15A20h to 16AE0h)
  .rodata[ 19] external     5168 bytes (offset 92992 / 16B40h to 17F70h)
  .rodata[ 20] external     5876 bytes (offset 98256 / 17FD0h to 196C4h)
  .rodata[ 21] external     9888 bytes (offset 104224 / 19720h to 1BDC0h)
  .rodata[ 22] external     7696 bytes (offset 114208 / 1BE20h to 1DC30h)
  .rodata[ 23] external     4288 bytes (offset 122000 / 1DC90h to 1ED50h)
  .rodata[ 24] external     5136 bytes (offset 126384 / 1EDB0h to 201C0h)
  .rodata[ 25] external     5860 bytes (offset 131616 / 20220h to 21904h)
  .rodata[ 26] external     8608 bytes (offset 137568 / 21960h to 23B00h)
  .rodata[ 27] external     7280 bytes (offset 146272 / 23B60h to 257D0h)
  .rodata[ 28] external     4512 bytes (offset 153648 / 25830h to 269D0h)
  .rodata[ 29] external     5376 bytes (offset 158256 / 26A30h to 27F30h)
  .rodata[ 30] external     5812 bytes (offset 163728 / 27F90h to 29644h)
  .rodata[ 31] external     9888 bytes (offset 169632 / 296A0h to 2BD40h)
  .rodata[ 32] external     7280 bytes (offset 179616 / 2BDA0h to 2DA10h)
  .rodata[ 33] external     9840 bytes (offset 186992 / 2DA70h to 300E0h)
  .rodata[ 34] external     7248 bytes (offset 196928 / 30140h to 31D90h)
  .rodata[ 35] external     4288 bytes (offset 204272 / 31DF0h to 32EB0h)
  .rodata[ 36] external     5152 bytes (offset 208656 / 32F10h to 34330h)
  .rodata[ 37] external     5444 bytes (offset 213904 / 34390h to 358D4h)
  .rodata[ 38] external     7568 bytes (offset 219440 / 35930h to 376C0h)
  .rodata[ 39] external     7280 bytes (offset 227104 / 37720h to 39390h)
  .rodata[ 40] external     4464 bytes (offset 234480 / 393F0h to 3A560h)
  .rodata[ 41] external     5408 bytes (offset 239040 / 3A5C0h to 3BAE0h)
  .rodata[ 42] external     5812 bytes (offset 244544 / 3BB40h to 3D1F4h)
  .rodata[ 43] external     9072 bytes (offset 250448 / 3D250h to 3F5C0h)
  .rodata[ 44] external     7296 bytes (offset 259616 / 3F620h to 412A0h)
  .rodata[ 45] external     9040 bytes (offset 267008 / 41300h to 43650h)
  .rodata[ 46] external     7280 bytes (offset 276144 / 436B0h to 45320h)
  .rodata[ 47] external     8832 bytes (offset 283520 / 45380h to 47600h)
  .rodata[ 48] external     7312 bytes (offset 292448 / 47660h to 492F0h)
  .rodata[ 49] external     6768 bytes (offset 299856 / 49350h to 4ADC0h)
  .rodata[ 50] external     7300 bytes (offset 306720 / 4AE20h to 4CAA4h)
  .rodata[ 51] external     4288 bytes (offset 314112 / 4CB00h to 4DBC0h)
  .rodata[ 52] external     5380 bytes (offset 318496 / 4DC20h to 4F124h)
  .rodata[ 53] external     5764 bytes (offset 323968 / 4F180h to 50804h)
  .rodata[ 54] external     7604 bytes (offset 329824 / 50860h to 52614h)
  .rodata[ 55] external     7284 bytes (offset 337520 / 52670h to 542E4h)
  .rodata[ 56] external     7700 bytes (offset 344896 / 54340h to 56154h)
  .rodata[ 57] external     7300 bytes (offset 352688 / 561B0h to 57E34h)
  .rodata[ 58] external     4288 bytes (offset 360080 / 57E90h to 58F50h)
  .rodata[ 59] external     5152 bytes (offset 364464 / 58FB0h to 5A3D0h)
  .rodata[ 60] external     5424 bytes (offset 369712 / 5A430h to 5B960h)
  .rodata[ 61] external     6016 bytes (offset 375232 / 5B9C0h to 5D140h)
  .rodata[ 62] external     6368 bytes (offset 381344 / 5D1A0h to 5EA80h)
  .rodata[ 63] external     4512 bytes (offset 387808 / 5EAE0h to 5FC80h)
  .rodata[ 64] external     5424 bytes (offset 392416 / 5FCE0h to 61210h)
  .rodata[ 65] external     5792 bytes (offset 397936 / 61270h to 62910h)
  .rodata[ 66] external     6672 bytes (offset 403824 / 62970h to 64380h)
  .rodata[ 67] external     6656 bytes (offset 410592 / 643E0h to 65DE0h)
  .rodata[ 68] external     6048 bytes (offset 417344 / 65E40h to 675E0h)
  .rodata[ 69] external     6016 bytes (offset 423488 / 67640h to 68DC0h)
  .rodata[ 70] external     7312 bytes (offset 429600 / 68E20h to 6AAB0h)
  .rodata[ 71] external     8544 bytes (offset 437008 / 6AB10h to 6CC70h)
  .rodata[ 72] external    13584 bytes (offset 445648 / 6CCD0h to 701E0h)
  .rodata[ 73] external     4272 bytes (offset 459328 / 70240h to 712F0h)
  .rodata[ 74] external     5120 bytes (offset 463696 / 71350h to 72750h)
  .rodata[ 75] external     6368 bytes (offset 468912 / 727B0h to 74090h)
  .rodata[ 76] external     8188 bytes (offset 475376 / 740F0h to 760ECh)
  .rodata[ 77] external    12960 bytes (offset 483664 / 76150h to 793F0h)
  .rodata[ 78] external     4256 bytes (offset 496720 / 79450h to 7A4F0h)
  .rodata[ 79] external     5152 bytes (offset 501072 / 7A550h to 7B970h)
  .rodata[ 80] external     6052 bytes (offset 506320 / 7B9D0h to 7D174h)
  .rodata[ 81] external     8128 bytes (offset 512464 / 7D1D0h to 7F190h)
  .rodata[ 82] external    12928 bytes (offset 520688 / 7F1F0h to 82470h)
  .rodata[ 83] external     4512 bytes (offset 533712 / 824D0h to 83670h)
  .rodata[ 84] external     5536 bytes (offset 538320 / 836D0h to 84C70h)
  .rodata[ 85] external     5988 bytes (offset 543952 / 84CD0h to 86434h)
  .rodata[ 86] external     8112 bytes (offset 550032 / 86490h to 88440h)
  .rodata[ 87] external     5536 bytes (offset 558240 / 884A0h to 89A40h)
  .rodata[ 88] external     5972 bytes (offset 563872 / 89AA0h to 8B1F4h)
  .rodata[ 89] external     7568 bytes (offset 569936 / 8B250h to 8CFE0h)
  .rodata[ 90] external     5360 bytes (offset 577600 / 8D040h to 8E530h)
  .rodata[ 91] external     5728 bytes (offset 583056 / 8E590h to 8FBF0h)
  .rodata[ 92] external     4248 bytes (offset 588880 / 8FC50h to 90CE8h)
  .rodata[ 93] external     4176 bytes (offset 593216 / 90D40h to 91D90h)
  .rodata[ 94] external     5536 bytes (offset 597488 / 91DF0h to 93390h)
  .rodata[ 95] external     6020 bytes (offset 603120 / 933F0h to 94B74h)
  .rodata[ 96] external     7568 bytes (offset 609232 / 94BD0h to 96960h)
  .rodata[ 97] external    11248 bytes (offset 616896 / 969C0h to 995B0h)
  .rodata[ 98] external     5536 bytes (offset 628240 / 99610h to 9ABB0h)
  .rodata[ 99] external     5972 bytes (offset 633872 / 9AC10h to 9C364h)
  .rodata[100] external     7584 bytes (offset 639936 / 9C3C0h to 9E160h)
  .rodata[101] external     6400 bytes (offset 647616 / 9E1C0h to 9FAC0h)
  .rodata[102] external     5536 bytes (offset 654112 / 9FB20h to A10C0h)
  .rodata[103] external     5988 bytes (offset 659744 / A1120h to A2884h)
  .rodata[104] external     7584 bytes (offset 665824 / A28E0h to A4680h)
  .rodata[105] external     6432 bytes (offset 673504 / A46E0h to A6000h)
  .rodata[106] external     4300 bytes (offset 680032 / A6060h to A712Ch)
  .rodata[107] external     4476 bytes (offset 684432 / A7190h to A830Ch)
  .rodata[108] external     8488 bytes (offset 689008 / A8370h to AA498h)
  .rodata[109] external     4972 bytes (offset 697584 / AA4F0h to AB85Ch)
  .rodata[110] external     4368 bytes (offset 702656 / AB8C0h to AC9D0h)
  .rodata[111] external     4992 bytes (offset 707120 / ACA30h to ADDB0h)
  .rodata[112] external     4572 bytes (offset 712208 / ADE10h to AEFECh)
  .rodata[113] external     5644 bytes (offset 716880 / AF050h to B065Ch)
  .rodata[114] external     5644 bytes (offset 722624 / B06C0h to B1CCCh)
  .rodata[115] external     4320 bytes (offset 728368 / B1D30h to B2E10h)
  .rodata[116] external     4216 bytes (offset 732784 / B2E70h to B3EE8h)
  .rodata[117] external     4852 bytes (offset 737088 / B3F40h to B5234h)
  .rodata[118] external     4708 bytes (offset 742032 / B5290h to B64F4h)
  .rodata[119] external     4320 bytes (offset 746832 / B6550h to B7630h)
  .rodata[120] external     4240 bytes (offset 751248 / B7690h to B8720h)
  .rodata[121] external     4596 bytes (offset 755584 / B8780h to B9974h)
  .rodata[122] external  6618048 bytes (offset 760256 / B99C0h to 709580h)
  .rodata[123] embedded        6 bytes `input0`
  .rodata[124] embedded        6 bytes `tensor`

External .rodata: ~7366972 bytes

//===--------------------------------------------------------------------------------------------------------------===//
// Bytecode : version 0
//===--------------------------------------------------------------------------------------------------------------===//

  # | Offset   |   Length | Blocks | i32 # | ref # | Requirements | Aliases
----+----------+----------+--------+-------+-------+--------------+-----------------------------------------------------
  0 | 00000000 |    16285 |      3 |   199 |   138 |              | main
  1 | 00003FA0 |    24912 |    246 |    30 |   136 |              | __init

//===--------------------------------------------------------------------------------------------------------------===//
// Debug Information
//===--------------------------------------------------------------------------------------------------------------===//
// NOTE: debug databases are large and should be stripped in deployed artifacts.

Locations: 283

